
Running 106 tests using 1 worker


[1A[2K(node:41628) Warning: The 'NO_COLOR' env is ignored due to the 'FORCE_COLOR' env being set.
(Use `node --trace-warnings ...` to show where the warning was created)



[1A[2K(node:41628) Warning: The 'NO_COLOR' env is ignored due to the 'FORCE_COLOR' env being set.
(Use `node --trace-warnings ...` to show where the warning was created)
[1A[2K[1/106] [chromium] › e2e\canvas-tab-preview.spec.js:95:3 › Canvas-backed tab previews › large box individual values preview uses the actual canvas bitmap
[1A[2K[2/106] [chromium] › e2e\canvas-tab-preview.spec.js:150:3 › Canvas-backed tab previews › large scatter preview uses the actual canvas bitmap
[1A[2K[3/106] [chromium] › e2e\component.same-type-dual-preview.spec.js:151:3 › inactive preview works for both same-type tabs: venn
[1A[2K[4/106] [chromium] › e2e\component.same-type-dual-preview.spec.js:151:3 › inactive preview works for both same-type tabs: box
[1A[2K  1) [chromium] › e2e\component.same-type-dual-preview.spec.js:151:3 › inactive preview works for both same-type tabs: box 

    TimeoutError: page.waitForFunction: Timeout 30000ms exceeded.

      121 |     return true;
      122 |   }, tabId);
    > 123 |   await page.waitForFunction((targetId) => {
          |              ^
      124 |     const tooltip = document.querySelector('.workspace-tab__preview-tooltip');
      125 |     const hasRenderableContent = !!tooltip?.querySelector?.('svg')
      126 |       || String(tooltip?.innerHTML || '').trim().length > 0;
        at hoverAndAssertPreview (C:\Users\Michel\Venn\e2e\component.same-type-dual-preview.spec.js:123:14)
        at C:\Users\Michel\Venn\e2e\component.same-type-dual-preview.spec.js:188:5

    attachment #1: screenshot (image/png) ──────────────────────────────────────────────────────────
    test-results\component.same-type-dual-p-21bfa-for-both-same-type-tabs-box-chromium\test-failed-1.png
    ────────────────────────────────────────────────────────────────────────────────────────────────

    attachment #2: video (video/webm) ──────────────────────────────────────────────────────────────
    test-results\component.same-type-dual-p-21bfa-for-both-same-type-tabs-box-chromium\video.webm
    ────────────────────────────────────────────────────────────────────────────────────────────────

    Error Context: test-results\component.same-type-dual-p-21bfa-for-both-same-type-tabs-box-chromium\error-context.md



[1A[2K(node:17380) Warning: The 'NO_COLOR' env is ignored due to the 'FORCE_COLOR' env being set.
(Use `node --trace-warnings ...` to show where the warning was created)



[1A[2K(node:17380) Warning: The 'NO_COLOR' env is ignored due to the 'FORCE_COLOR' env being set.
(Use `node --trace-warnings ...` to show where the warning was created)
[1A[2K[5/106] [chromium] › e2e\component.same-type-dual-preview.spec.js:151:3 › inactive preview works for both same-type tabs: scatter
[1A[2K  2) [chromium] › e2e\component.same-type-dual-preview.spec.js:151:3 › inactive preview works for both same-type tabs: scatter 

    TimeoutError: page.waitForFunction: Timeout 30000ms exceeded.

      121 |     return true;
      122 |   }, tabId);
    > 123 |   await page.waitForFunction((targetId) => {
          |              ^
      124 |     const tooltip = document.querySelector('.workspace-tab__preview-tooltip');
      125 |     const hasRenderableContent = !!tooltip?.querySelector?.('svg')
      126 |       || String(tooltip?.innerHTML || '').trim().length > 0;
        at hoverAndAssertPreview (C:\Users\Michel\Venn\e2e\component.same-type-dual-preview.spec.js:123:14)
        at C:\Users\Michel\Venn\e2e\component.same-type-dual-preview.spec.js:188:5

    attachment #1: screenshot (image/png) ──────────────────────────────────────────────────────────
    test-results\component.same-type-dual-p-a6f2e-both-same-type-tabs-scatter-chromium\test-failed-1.png
    ────────────────────────────────────────────────────────────────────────────────────────────────

    attachment #2: video (video/webm) ──────────────────────────────────────────────────────────────
    test-results\component.same-type-dual-p-a6f2e-both-same-type-tabs-scatter-chromium\video.webm
    ────────────────────────────────────────────────────────────────────────────────────────────────

    Error Context: test-results\component.same-type-dual-p-a6f2e-both-same-type-tabs-scatter-chromium\error-context.md



[1A[2K(node:11176) Warning: The 'NO_COLOR' env is ignored due to the 'FORCE_COLOR' env being set.
(Use `node --trace-warnings ...` to show where the warning was created)



[1A[2K(node:11176) Warning: The 'NO_COLOR' env is ignored due to the 'FORCE_COLOR' env being set.
(Use `node --trace-warnings ...` to show where the warning was created)
[1A[2K[6/106] [chromium] › e2e\component.same-type-dual-preview.spec.js:151:3 › inactive preview works for both same-type tabs: pca
[1A[2K[7/106] [chromium] › e2e\component.same-type-dual-preview.spec.js:151:3 › inactive preview works for both same-type tabs: line
[1A[2K[8/106] [chromium] › e2e\component.same-type-dual-preview.spec.js:151:3 › inactive preview works for both same-type tabs: heatmap
[1A[2K[9/106] [chromium] › e2e\component.same-type-dual-preview.spec.js:151:3 › inactive preview works for both same-type tabs: surface
[1A[2K[10/106] [chromium] › e2e\component.same-type-dual-preview.spec.js:151:3 › inactive preview works for both same-type tabs: roc
[1A[2K[11/106] [chromium] › e2e\component.same-type-dual-preview.spec.js:151:3 › inactive preview works for both same-type tabs: survival
[1A[2K[12/106] [chromium] › e2e\component.same-type-dual-preview.spec.js:151:3 › inactive preview works for both same-type tabs: hist
[1A[2K  3) [chromium] › e2e\component.same-type-dual-preview.spec.js:151:3 › inactive preview works for both same-type tabs: hist 

    TimeoutError: page.waitForFunction: Timeout 30000ms exceeded.

      121 |     return true;
      122 |   }, tabId);
    > 123 |   await page.waitForFunction((targetId) => {
          |              ^
      124 |     const tooltip = document.querySelector('.workspace-tab__preview-tooltip');
      125 |     const hasRenderableContent = !!tooltip?.querySelector?.('svg')
      126 |       || String(tooltip?.innerHTML || '').trim().length > 0;
        at hoverAndAssertPreview (C:\Users\Michel\Venn\e2e\component.same-type-dual-preview.spec.js:123:14)
        at C:\Users\Michel\Venn\e2e\component.same-type-dual-preview.spec.js:188:5

    attachment #1: screenshot (image/png) ──────────────────────────────────────────────────────────
    test-results\component.same-type-dual-p-69dcf-or-both-same-type-tabs-hist-chromium\test-failed-1.png
    ────────────────────────────────────────────────────────────────────────────────────────────────

    attachment #2: video (video/webm) ──────────────────────────────────────────────────────────────
    test-results\component.same-type-dual-p-69dcf-or-both-same-type-tabs-hist-chromium\video.webm
    ────────────────────────────────────────────────────────────────────────────────────────────────

    Error Context: test-results\component.same-type-dual-p-69dcf-or-both-same-type-tabs-hist-chromium\error-context.md




[1A[2K(node:23568) Warning: The 'NO_COLOR' env is ignored due to the 'FORCE_COLOR' env being set.
(Use `node --trace-warnings ...` to show where the warning was created)


[1A[2K(node:23568) Warning: The 'NO_COLOR' env is ignored due to the 'FORCE_COLOR' env being set.
(Use `node --trace-warnings ...` to show where the warning was created)
[1A[2K[13/106] [chromium] › e2e\component.same-type-dual-preview.spec.js:151:3 › inactive preview works for both same-type tabs: pie
[1A[2K[14/106] [chromium] › e2e\heatmap.correlation-tab-restore.spec.js:147:3 › Heatmap tab restore preserves Correlation (columns) geometry
[1A[2K[15/106] [chromium] › e2e\heatmap.correlation-tab-restore.spec.js:147:3 › Heatmap tab restore preserves Correlation (rows) geometry
[1A[2K[16/106] [chromium] › e2e\heavy.mixed-tabs.reopen-recovery.canvas.spec.js:405:1 › mixed heavy scatter tabs + normal tab survive archive reopen with tab isolation and previews
[1A[2K  4) [chromium] › e2e\heavy.mixed-tabs.reopen-recovery.canvas.spec.js:405:1 › mixed heavy scatter tabs + normal tab survive archive reopen with tab isolation and previews 

    Error: worker process exited unexpectedly (code=4294967295, signal=null)

    attachment #1: screenshot (image/png) ──────────────────────────────────────────────────────────
    test-results\heavy.mixed-tabs.reopen-re-0efc3--tab-isolation-and-previews-chromium\test-failed-1.png
    ────────────────────────────────────────────────────────────────────────────────────────────────




[1A[2K(node:43336) Warning: The 'NO_COLOR' env is ignored due to the 'FORCE_COLOR' env being set.
(Use `node --trace-warnings ...` to show where the warning was created)


[1A[2K(node:43336) Warning: The 'NO_COLOR' env is ignored due to the 'FORCE_COLOR' env being set.
(Use `node --trace-warnings ...` to show where the warning was created)
[1A[2K[17/106] [chromium] › e2e\heavy.mixed-tabs.reopen-recovery.canvas.spec.js:421:1 › mixed heavy scatter tabs + normal tab survive crash-recovery restore with tab isolation and previews
[1A[2K[18/106] [chromium] › e2e\line.header.sort-drag.spec.js:8:1 › line headers support sorting and drag reordering with visible left/right indicators
[1A[2K  5) [chromium] › e2e\line.header.sort-drag.spec.js:8:1 › line headers support sorting and drag reordering with visible left/right indicators 

    Error: [2mexpect([22m[31mreceived[39m[2m).[22mtoMatchObject[2m([22m[32mexpected[39m[2m)[22m

    [32m- Expected  - 6[39m
    [31m+ Received  + 6[39m

    [2m  Object {[22m
    [32m-   "borderBottomVisible": true,[39m
    [32m-   "handleVisible": true,[39m
    [31m+   "borderBottomVisible": false,[39m
    [31m+   "handleVisible": false,[39m
    [2m    "selected": Array [[22m
    [32m-     4,[39m
    [32m-     2,[39m
    [32m-     4,[39m
    [32m-     2,[39m
    [31m+     0,[39m
    [31m+     1,[39m
    [31m+     99,[39m
    [31m+     1,[39m
    [2m    ],[22m
    [2m  }[22m

    Call Log:
    - Timeout 10000ms exceeded while waiting on the predicate

      135 |     intervals: [100, 200, 400]
      136 |   }).toBe(initialOrder.join(','));
    > 137 |   await expect.poll(async () => {
          |   ^
      138 |     return await readSelectionVisualState();
      139 |   }, {
      140 |     timeout: 10_000,
        at C:\Users\Michel\Venn\e2e\line.header.sort-drag.spec.js:137:3

    attachment #1: screenshot (image/png) ──────────────────────────────────────────────────────────
    test-results\line.header.sort-drag-line-09e63-sible-left-right-indicators-chromium\test-failed-1.png
    ────────────────────────────────────────────────────────────────────────────────────────────────

    attachment #2: video (video/webm) ──────────────────────────────────────────────────────────────
    test-results\line.header.sort-drag-line-09e63-sible-left-right-indicators-chromium\video.webm
    ────────────────────────────────────────────────────────────────────────────────────────────────

    Error Context: test-results\line.header.sort-drag-line-09e63-sible-left-right-indicators-chromium\error-context.md




[1A[2K(node:41692) Warning: The 'NO_COLOR' env is ignored due to the 'FORCE_COLOR' env being set.
(Use `node --trace-warnings ...` to show where the warning was created)


[1A[2K(node:41692) Warning: The 'NO_COLOR' env is ignored due to the 'FORCE_COLOR' env being set.
(Use `node --trace-warnings ...` to show where the warning was created)
[1A[2K[19/106] [chromium] › e2e\stats.archive-reopen-tab-switch.persistence.spec.js:372:3 › archive reopen keeps box statistics after tab switch
[1A[2K[20/106] [chromium] › e2e\stats.archive-reopen-tab-switch.persistence.spec.js:397:3 › recovery restore keeps box statistics after tab switch
[1A[2K[21/106] [chromium] › e2e\stats.archive-reopen-tab-switch.persistence.spec.js:372:3 › archive reopen keeps scatter statistics after tab switch
[1A[2K  6) [chromium] › e2e\stats.archive-reopen-tab-switch.persistence.spec.js:372:3 › archive reopen keeps scatter statistics after tab switch 

    Error: [2mexpect([22m[31mlocator[39m[2m).[22mtoContainText[2m([22m[32mexpected[39m[2m)[22m failed

    Locator: locator('#scatterStatsStatus')
    Expected substring: [32m"Statistics u[7mp to date[27m."[39m
    Received string:    [31m"Statistics u[7mnavailable until data is loaded[27m."[39m
    Timeout: 40000ms

    Call log:
    [2m  - Expect "toContainText" with timeout 40000ms[22m
    [2m  - waiting for locator('#scatterStatsStatus')[22m
    [2m    43 × locator resolved to <span aria-live="polite" class="idx-inline-037" id="scatterStatsStatus">Statistics unavailable until data is loaded.</span>[22m
    [2m       - unexpected value "Statistics unavailable until data is loaded."[22m


      121 |     await expect(page.locator('#scatterComputeStats')).toBeEnabled({ timeout: 25_000 });
      122 |     await page.locator('#scatterComputeStats').click();
    > 123 |     await expect(page.locator('#scatterStatsStatus')).toContainText('Statistics up to date.', { timeout: 40_000 });
          |                                                       ^
      124 |     await expect(page.locator('#scatterComputeStats')).toHaveText(/Recalculate statistics/i, { timeout: 20_000 });
      125 |     await expect(page.locator('#scatterStatsResults')).not.toContainText('Statistics will appear after calculation.', { timeout: 20_000 });
      126 |     return;
        at waitForStatsReady (C:\Users\Michel\Venn\e2e\stats.archive-reopen-tab-switch.persistence.spec.js:123:55)
        at waitForRestoredStats (C:\Users\Michel\Venn\e2e\stats.archive-reopen-tab-switch.persistence.spec.js:201:3)
        at C:\Users\Michel\Venn\e2e\stats.archive-reopen-tab-switch.persistence.spec.js:393:5

    attachment #1: screenshot (image/png) ──────────────────────────────────────────────────────────
    test-results\stats.archive-reopen-tab-s-0143d-statistics-after-tab-switch-chromium\test-failed-1.png
    ────────────────────────────────────────────────────────────────────────────────────────────────

    attachment #2: video (video/webm) ──────────────────────────────────────────────────────────────
    test-results\stats.archive-reopen-tab-s-0143d-statistics-after-tab-switch-chromium\video.webm
    ────────────────────────────────────────────────────────────────────────────────────────────────

    Error Context: test-results\stats.archive-reopen-tab-s-0143d-statistics-after-tab-switch-chromium\error-context.md




[1A[2K(node:40320) Warning: The 'NO_COLOR' env is ignored due to the 'FORCE_COLOR' env being set.
(Use `node --trace-warnings ...` to show where the warning was created)

[1A[2K(node:40320) Warning: The 'NO_COLOR' env is ignored due to the 'FORCE_COLOR' env being set.
(Use `node --trace-warnings ...` to show where the warning was created)

[1A[2K[22/106] [chromium] › e2e\stats.archive-reopen-tab-switch.persistence.spec.js:397:3 › recovery restore keeps scatter statistics after tab switch
[1A[2K  7) [chromium] › e2e\stats.archive-reopen-tab-switch.persistence.spec.js:397:3 › recovery restore keeps scatter statistics after tab switch 

    Error: [2mexpect([22m[31mlocator[39m[2m).[22mtoContainText[2m([22m[32mexpected[39m[2m)[22m failed

    Locator: locator('#scatterStatsStatus')
    Expected substring: [32m"Statistics u[7mp to date[27m."[39m
    Received string:    [31m"Statistics u[7mnavailable until data is loaded[27m."[39m
    Timeout: 40000ms

    Call log:
    [2m  - Expect "toContainText" with timeout 40000ms[22m
    [2m  - waiting for locator('#scatterStatsStatus')[22m
    [2m    43 × locator resolved to <span aria-live="polite" class="idx-inline-037" id="scatterStatsStatus">Statistics unavailable until data is loaded.</span>[22m
    [2m       - unexpected value "Statistics unavailable until data is loaded."[22m


      121 |     await expect(page.locator('#scatterComputeStats')).toBeEnabled({ timeout: 25_000 });
      122 |     await page.locator('#scatterComputeStats').click();
    > 123 |     await expect(page.locator('#scatterStatsStatus')).toContainText('Statistics up to date.', { timeout: 40_000 });
          |                                                       ^
      124 |     await expect(page.locator('#scatterComputeStats')).toHaveText(/Recalculate statistics/i, { timeout: 20_000 });
      125 |     await expect(page.locator('#scatterStatsResults')).not.toContainText('Statistics will appear after calculation.', { timeout: 20_000 });
      126 |     return;
        at waitForStatsReady (C:\Users\Michel\Venn\e2e\stats.archive-reopen-tab-switch.persistence.spec.js:123:55)
        at waitForRestoredStats (C:\Users\Michel\Venn\e2e\stats.archive-reopen-tab-switch.persistence.spec.js:201:3)
        at C:\Users\Michel\Venn\e2e\stats.archive-reopen-tab-switch.persistence.spec.js:415:5

    attachment #1: screenshot (image/png) ──────────────────────────────────────────────────────────
    test-results\stats.archive-reopen-tab-s-1ab10-statistics-after-tab-switch-chromium\test-failed-1.png
    ────────────────────────────────────────────────────────────────────────────────────────────────

    attachment #2: video (video/webm) ──────────────────────────────────────────────────────────────
    test-results\stats.archive-reopen-tab-s-1ab10-statistics-after-tab-switch-chromium\video.webm
    ────────────────────────────────────────────────────────────────────────────────────────────────

    Error Context: test-results\stats.archive-reopen-tab-s-1ab10-statistics-after-tab-switch-chromium\error-context.md



[1A[2K(node:28416) Warning: The 'NO_COLOR' env is ignored due to the 'FORCE_COLOR' env being set.
(Use `node --trace-warnings ...` to show where the warning was created)



[1A[2K(node:28416) Warning: The 'NO_COLOR' env is ignored due to the 'FORCE_COLOR' env being set.
(Use `node --trace-warnings ...` to show where the warning was created)
[1A[2K[23/106] [chromium] › e2e\stats.archive-reopen-tab-switch.persistence.spec.js:372:3 › archive reopen keeps line statistics after tab switch
[1A[2K[24/106] [chromium] › e2e\stats.archive-reopen-tab-switch.persistence.spec.js:397:3 › recovery restore keeps line statistics after tab switch
[1A[2K[25/106] [chromium] › e2e\stats.archive-reopen-tab-switch.persistence.spec.js:372:3 › archive reopen keeps pie statistics after tab switch
[1A[2K[26/106] [chromium] › e2e\stats.archive-reopen-tab-switch.persistence.spec.js:397:3 › recovery restore keeps pie statistics after tab switch
[1A[2K[27/106] [chromium] › e2e\stats.archive-reopen-tab-switch.persistence.spec.js:372:3 › archive reopen keeps hist statistics after tab switch
[1A[2K[28/106] [chromium] › e2e\stats.archive-reopen-tab-switch.persistence.spec.js:397:3 › recovery restore keeps hist statistics after tab switch
[1A[2K[29/106] [chromium] › e2e\stats.archive-reopen-tab-switch.persistence.spec.js:372:3 › archive reopen keeps roc statistics after tab switch
[1A[2K[30/106] [chromium] › e2e\stats.archive-reopen-tab-switch.persistence.spec.js:397:3 › recovery restore keeps roc statistics after tab switch
[1A[2K[31/106] [chromium] › e2e\stats.archive-reopen-tab-switch.persistence.spec.js:372:3 › archive reopen keeps survival statistics after tab switch
[1A[2K[32/106] [chromium] › e2e\stats.archive-reopen-tab-switch.persistence.spec.js:397:3 › recovery restore keeps survival statistics after tab switch
[1A[2K[33/106] [chromium] › e2e\stats.archive-reopen-tab-switch.persistence.spec.js:372:3 › archive reopen keeps pca statistics after tab switch
[1A[2K[34/106] [chromium] › e2e\stats.archive-reopen-tab-switch.persistence.spec.js:397:3 › recovery restore keeps pca statistics after tab switch
[1A[2K[35/106] [chromium] › e2e\stats.archive-reopen-tab-switch.persistence.spec.js:372:3 › archive reopen keeps heatmap statistics after tab switch
[1A[2K[36/106] [chromium] › e2e\stats.archive-reopen-tab-switch.persistence.spec.js:397:3 › recovery restore keeps heatmap statistics after tab switch
[1A[2K[37/106] [chromium] › e2e\stats.archive-reopen-tab-switch.persistence.spec.js:372:3 › archive reopen keeps surface statistics after tab switch
[1A[2K[38/106] [chromium] › e2e\stats.archive-reopen-tab-switch.persistence.spec.js:397:3 › recovery restore keeps surface statistics after tab switch
[1A[2K[39/106] [chromium] › e2e\stats.restore-roundtrip.spec.js:99:1 › scatter restores computed trendline intervals, plot stats, and statistics state from payload
[1A[2K[40/106] [chromium] › e2e\stats.restore-roundtrip.spec.js:147:1 › scatter restores graph controls, point labels, raw formulas, and excluded cells from payload
[1A[2K[41/106] [chromium] › e2e\stats.restore-roundtrip.spec.js:242:1 › pie restores computed statistics results and calculated button state from payload
[1A[2K[42/106] [chromium] › e2e\stats.restore-roundtrip.spec.js:276:1 › line regression overlays require calculated statistics and interval toggles preserve results
[1A[2K  8) [chromium] › e2e\stats.restore-roundtrip.spec.js:276:1 › line regression overlays require calculated statistics and interval toggles preserve results 

    TimeoutError: page.waitForFunction: Timeout 35000ms exceeded.

      73 |
      74 | async function waitForLineRegressionOverlays(page) {
    > 75 |   await page.waitForFunction(
         |              ^
      76 |     () => {
      77 |       const svg = document.querySelector('#linePlot svg');
      78 |       if (!svg) return false;
        at waitForLineRegressionOverlays (C:\Users\Michel\Venn\e2e\stats.restore-roundtrip.spec.js:75:14)
        at C:\Users\Michel\Venn\e2e\stats.restore-roundtrip.spec.js:304:9

    attachment #1: screenshot (image/png) ──────────────────────────────────────────────────────────
    test-results\stats.restore-roundtrip-li-9add5-al-toggles-preserve-results-chromium\test-failed-1.png
    ────────────────────────────────────────────────────────────────────────────────────────────────

    attachment #2: video (video/webm) ──────────────────────────────────────────────────────────────
    test-results\stats.restore-roundtrip-li-9add5-al-toggles-preserve-results-chromium\video.webm
    ────────────────────────────────────────────────────────────────────────────────────────────────

    Error Context: test-results\stats.restore-roundtrip-li-9add5-al-toggles-preserve-results-chromium\error-context.md




[1A[2K(node:42356) Warning: The 'NO_COLOR' env is ignored due to the 'FORCE_COLOR' env being set.
(Use `node --trace-warnings ...` to show where the warning was created)


[1A[2K(node:42356) Warning: The 'NO_COLOR' env is ignored due to the 'FORCE_COLOR' env being set.
(Use `node --trace-warnings ...` to show where the warning was created)
[1A[2K[43/106] [chromium] › e2e\stats.restore-roundtrip.spec.js:321:1 › line restores persisted statistics results and calculated button state from payload
[1A[2K[44/106] [chromium] › e2e\tab-preview-components.spec.js:67:5 › Non-canvas tab previews › venn example keeps a usable tab preview
[1A[2K[45/106] [chromium] › e2e\tab-preview-components.spec.js:67:5 › Non-canvas tab previews › pca example keeps a usable tab preview
[1A[2K[46/106] [chromium] › e2e\tab-preview-components.spec.js:67:5 › Non-canvas tab previews › line example keeps a usable tab preview
[1A[2K[47/106] [chromium] › e2e\tab-preview-components.spec.js:67:5 › Non-canvas tab previews › heatmap example keeps a usable tab preview
[1A[2K[48/106] [chromium] › e2e\tab-preview-components.spec.js:67:5 › Non-canvas tab previews › surface example keeps a usable tab preview
[1A[2K[49/106] [chromium] › e2e\tab-preview-components.spec.js:67:5 › Non-canvas tab previews › roc example keeps a usable tab preview
[1A[2K[50/106] [chromium] › e2e\tab-preview-components.spec.js:67:5 › Non-canvas tab previews › survival example keeps a usable tab preview
[1A[2K[51/106] [chromium] › e2e\tab-preview-components.spec.js:67:5 › Non-canvas tab previews › hist example keeps a usable tab preview
[1A[2K[52/106] [chromium] › e2e\tab-preview-components.spec.js:67:5 › Non-canvas tab previews › pie example keeps a usable tab preview
[1A[2K[53/106] [chromium] › e2e\toolbar.font-visibility.regression.spec.js:14:1 › format toolbar stays visible when clicking graph text (line + scatter)


[1A[2K(node:42032) Warning: The 'NO_COLOR' env is ignored due to the 'FORCE_COLOR' env being set.
(Use `node --trace-warnings ...` to show where the warning was created)


[1A[2K(node:42032) Warning: The 'NO_COLOR' env is ignored due to the 'FORCE_COLOR' env being set.
(Use `node --trace-warnings ...` to show where the warning was created)
[1A[2K[54/106] [firefox] › e2e\canvas-tab-preview.spec.js:95:3 › Canvas-backed tab previews › large box individual values preview uses the actual canvas bitmap
[1A[2K[55/106] [firefox] › e2e\canvas-tab-preview.spec.js:150:3 › Canvas-backed tab previews › large scatter preview uses the actual canvas bitmap
[1A[2K[56/106] [firefox] › e2e\component.same-type-dual-preview.spec.js:151:3 › inactive preview works for both same-type tabs: venn
[1A[2K  9) [firefox] › e2e\component.same-type-dual-preview.spec.js:151:3 › inactive preview works for both same-type tabs: venn 

    TimeoutError: page.waitForFunction: Timeout 30000ms exceeded.

      121 |     return true;
      122 |   }, tabId);
    > 123 |   await page.waitForFunction((targetId) => {
          |              ^
      124 |     const tooltip = document.querySelector('.workspace-tab__preview-tooltip');
      125 |     const hasRenderableContent = !!tooltip?.querySelector?.('svg')
      126 |       || String(tooltip?.innerHTML || '').trim().length > 0;
        at hoverAndAssertPreview (C:\Users\Michel\Venn\e2e\component.same-type-dual-preview.spec.js:123:14)
        at C:\Users\Michel\Venn\e2e\component.same-type-dual-preview.spec.js:188:5

    attachment #1: screenshot (image/png) ──────────────────────────────────────────────────────────
    test-results\component.same-type-dual-p-72877-or-both-same-type-tabs-venn-firefox\test-failed-1.png
    ────────────────────────────────────────────────────────────────────────────────────────────────

    attachment #2: video (video/webm) ──────────────────────────────────────────────────────────────
    test-results\component.same-type-dual-p-72877-or-both-same-type-tabs-venn-firefox\video.webm
    ────────────────────────────────────────────────────────────────────────────────────────────────

    Error Context: test-results\component.same-type-dual-p-72877-or-both-same-type-tabs-venn-firefox\error-context.md



[1A[2K(node:41348) Warning: The 'NO_COLOR' env is ignored due to the 'FORCE_COLOR' env being set.
(Use `node --trace-warnings ...` to show where the warning was created)



[1A[2K(node:41348) Warning: The 'NO_COLOR' env is ignored due to the 'FORCE_COLOR' env being set.
(Use `node --trace-warnings ...` to show where the warning was created)
[1A[2K[57/106] [firefox] › e2e\component.same-type-dual-preview.spec.js:151:3 › inactive preview works for both same-type tabs: box
[1A[2K  10) [firefox] › e2e\component.same-type-dual-preview.spec.js:151:3 › inactive preview works for both same-type tabs: box 

    TimeoutError: page.waitForFunction: Timeout 30000ms exceeded.

      121 |     return true;
      122 |   }, tabId);
    > 123 |   await page.waitForFunction((targetId) => {
          |              ^
      124 |     const tooltip = document.querySelector('.workspace-tab__preview-tooltip');
      125 |     const hasRenderableContent = !!tooltip?.querySelector?.('svg')
      126 |       || String(tooltip?.innerHTML || '').trim().length > 0;
        at hoverAndAssertPreview (C:\Users\Michel\Venn\e2e\component.same-type-dual-preview.spec.js:123:14)
        at C:\Users\Michel\Venn\e2e\component.same-type-dual-preview.spec.js:188:5

    attachment #1: screenshot (image/png) ──────────────────────────────────────────────────────────
    test-results\component.same-type-dual-p-21bfa-for-both-same-type-tabs-box-firefox\test-failed-1.png
    ────────────────────────────────────────────────────────────────────────────────────────────────

    attachment #2: video (video/webm) ──────────────────────────────────────────────────────────────
    test-results\component.same-type-dual-p-21bfa-for-both-same-type-tabs-box-firefox\video.webm
    ────────────────────────────────────────────────────────────────────────────────────────────────

    Error Context: test-results\component.same-type-dual-p-21bfa-for-both-same-type-tabs-box-firefox\error-context.md



[1A[2K(node:9000) Warning: The 'NO_COLOR' env is ignored due to the 'FORCE_COLOR' env being set.
(Use `node --trace-warnings ...` to show where the warning was created)



[1A[2K(node:9000) Warning: The 'NO_COLOR' env is ignored due to the 'FORCE_COLOR' env being set.
(Use `node --trace-warnings ...` to show where the warning was created)
[1A[2K[58/106] [firefox] › e2e\component.same-type-dual-preview.spec.js:151:3 › inactive preview works for both same-type tabs: scatter
[1A[2K  11) [firefox] › e2e\component.same-type-dual-preview.spec.js:151:3 › inactive preview works for both same-type tabs: scatter 

    TimeoutError: page.waitForFunction: Timeout 30000ms exceeded.

      121 |     return true;
      122 |   }, tabId);
    > 123 |   await page.waitForFunction((targetId) => {
          |              ^
      124 |     const tooltip = document.querySelector('.workspace-tab__preview-tooltip');
      125 |     const hasRenderableContent = !!tooltip?.querySelector?.('svg')
      126 |       || String(tooltip?.innerHTML || '').trim().length > 0;
        at hoverAndAssertPreview (C:\Users\Michel\Venn\e2e\component.same-type-dual-preview.spec.js:123:14)
        at C:\Users\Michel\Venn\e2e\component.same-type-dual-preview.spec.js:188:5

    attachment #1: screenshot (image/png) ──────────────────────────────────────────────────────────
    test-results\component.same-type-dual-p-a6f2e-both-same-type-tabs-scatter-firefox\test-failed-1.png
    ────────────────────────────────────────────────────────────────────────────────────────────────

    attachment #2: video (video/webm) ──────────────────────────────────────────────────────────────
    test-results\component.same-type-dual-p-a6f2e-both-same-type-tabs-scatter-firefox\video.webm
    ────────────────────────────────────────────────────────────────────────────────────────────────

    Error Context: test-results\component.same-type-dual-p-a6f2e-both-same-type-tabs-scatter-firefox\error-context.md




[1A[2K(node:13768) Warning: The 'NO_COLOR' env is ignored due to the 'FORCE_COLOR' env being set.
(Use `node --trace-warnings ...` to show where the warning was created)


[1A[2K(node:13768) Warning: The 'NO_COLOR' env is ignored due to the 'FORCE_COLOR' env being set.
(Use `node --trace-warnings ...` to show where the warning was created)
[1A[2K[59/106] [firefox] › e2e\component.same-type-dual-preview.spec.js:151:3 › inactive preview works for both same-type tabs: pca
[1A[2K  12) [firefox] › e2e\component.same-type-dual-preview.spec.js:151:3 › inactive preview works for both same-type tabs: pca 

    TimeoutError: page.waitForFunction: Timeout 30000ms exceeded.

      121 |     return true;
      122 |   }, tabId);
    > 123 |   await page.waitForFunction((targetId) => {
          |              ^
      124 |     const tooltip = document.querySelector('.workspace-tab__preview-tooltip');
      125 |     const hasRenderableContent = !!tooltip?.querySelector?.('svg')
      126 |       || String(tooltip?.innerHTML || '').trim().length > 0;
        at hoverAndAssertPreview (C:\Users\Michel\Venn\e2e\component.same-type-dual-preview.spec.js:123:14)
        at C:\Users\Michel\Venn\e2e\component.same-type-dual-preview.spec.js:188:5

    attachment #1: screenshot (image/png) ──────────────────────────────────────────────────────────
    test-results\component.same-type-dual-p-26bf9-for-both-same-type-tabs-pca-firefox\test-failed-1.png
    ────────────────────────────────────────────────────────────────────────────────────────────────

    attachment #2: video (video/webm) ──────────────────────────────────────────────────────────────
    test-results\component.same-type-dual-p-26bf9-for-both-same-type-tabs-pca-firefox\video.webm
    ────────────────────────────────────────────────────────────────────────────────────────────────

    Error Context: test-results\component.same-type-dual-p-26bf9-for-both-same-type-tabs-pca-firefox\error-context.md




[1A[2K(node:39508) Warning: The 'NO_COLOR' env is ignored due to the 'FORCE_COLOR' env being set.
(Use `node --trace-warnings ...` to show where the warning was created)

[1A[2K(node:39508) Warning: The 'NO_COLOR' env is ignored due to the 'FORCE_COLOR' env being set.
(Use `node --trace-warnings ...` to show where the warning was created)

[1A[2K[60/106] [firefox] › e2e\component.same-type-dual-preview.spec.js:151:3 › inactive preview works for both same-type tabs: line
[1A[2K[61/106] [firefox] › e2e\component.same-type-dual-preview.spec.js:151:3 › inactive preview works for both same-type tabs: heatmap
[1A[2K  13) [firefox] › e2e\component.same-type-dual-preview.spec.js:151:3 › inactive preview works for both same-type tabs: heatmap 

    TimeoutError: page.waitForFunction: Timeout 30000ms exceeded.

      121 |     return true;
      122 |   }, tabId);
    > 123 |   await page.waitForFunction((targetId) => {
          |              ^
      124 |     const tooltip = document.querySelector('.workspace-tab__preview-tooltip');
      125 |     const hasRenderableContent = !!tooltip?.querySelector?.('svg')
      126 |       || String(tooltip?.innerHTML || '').trim().length > 0;
        at hoverAndAssertPreview (C:\Users\Michel\Venn\e2e\component.same-type-dual-preview.spec.js:123:14)
        at C:\Users\Michel\Venn\e2e\component.same-type-dual-preview.spec.js:188:5

    attachment #1: screenshot (image/png) ──────────────────────────────────────────────────────────
    test-results\component.same-type-dual-p-b1615-both-same-type-tabs-heatmap-firefox\test-failed-1.png
    ────────────────────────────────────────────────────────────────────────────────────────────────

    attachment #2: video (video/webm) ──────────────────────────────────────────────────────────────
    test-results\component.same-type-dual-p-b1615-both-same-type-tabs-heatmap-firefox\video.webm
    ────────────────────────────────────────────────────────────────────────────────────────────────

    Error Context: test-results\component.same-type-dual-p-b1615-both-same-type-tabs-heatmap-firefox\error-context.md



[1A[2K(node:4772) Warning: The 'NO_COLOR' env is ignored due to the 'FORCE_COLOR' env being set.
(Use `node --trace-warnings ...` to show where the warning was created)



[1A[2K(node:4772) Warning: The 'NO_COLOR' env is ignored due to the 'FORCE_COLOR' env being set.
(Use `node --trace-warnings ...` to show where the warning was created)
[1A[2K[62/106] [firefox] › e2e\component.same-type-dual-preview.spec.js:151:3 › inactive preview works for both same-type tabs: surface
[1A[2K[63/106] [firefox] › e2e\component.same-type-dual-preview.spec.js:151:3 › inactive preview works for both same-type tabs: roc
[1A[2K[64/106] [firefox] › e2e\component.same-type-dual-preview.spec.js:151:3 › inactive preview works for both same-type tabs: survival
[1A[2K  14) [firefox] › e2e\component.same-type-dual-preview.spec.js:151:3 › inactive preview works for both same-type tabs: survival 

    TimeoutError: page.waitForFunction: Timeout 30000ms exceeded.

      121 |     return true;
      122 |   }, tabId);
    > 123 |   await page.waitForFunction((targetId) => {
          |              ^
      124 |     const tooltip = document.querySelector('.workspace-tab__preview-tooltip');
      125 |     const hasRenderableContent = !!tooltip?.querySelector?.('svg')
      126 |       || String(tooltip?.innerHTML || '').trim().length > 0;
        at hoverAndAssertPreview (C:\Users\Michel\Venn\e2e\component.same-type-dual-preview.spec.js:123:14)
        at C:\Users\Michel\Venn\e2e\component.same-type-dual-preview.spec.js:188:5

    attachment #1: screenshot (image/png) ──────────────────────────────────────────────────────────
    test-results\component.same-type-dual-p-53e69-oth-same-type-tabs-survival-firefox\test-failed-1.png
    ────────────────────────────────────────────────────────────────────────────────────────────────

    attachment #2: video (video/webm) ──────────────────────────────────────────────────────────────
    test-results\component.same-type-dual-p-53e69-oth-same-type-tabs-survival-firefox\video.webm
    ────────────────────────────────────────────────────────────────────────────────────────────────

    Error Context: test-results\component.same-type-dual-p-53e69-oth-same-type-tabs-survival-firefox\error-context.md



[1A[2K(node:40296) Warning: The 'NO_COLOR' env is ignored due to the 'FORCE_COLOR' env being set.
(Use `node --trace-warnings ...` to show where the warning was created)



[1A[2K(node:40296) Warning: The 'NO_COLOR' env is ignored due to the 'FORCE_COLOR' env being set.
(Use `node --trace-warnings ...` to show where the warning was created)
[1A[2K[65/106] [firefox] › e2e\component.same-type-dual-preview.spec.js:151:3 › inactive preview works for both same-type tabs: hist
[1A[2K  15) [firefox] › e2e\component.same-type-dual-preview.spec.js:151:3 › inactive preview works for both same-type tabs: hist 

    TimeoutError: page.waitForFunction: Timeout 30000ms exceeded.

      121 |     return true;
      122 |   }, tabId);
    > 123 |   await page.waitForFunction((targetId) => {
          |              ^
      124 |     const tooltip = document.querySelector('.workspace-tab__preview-tooltip');
      125 |     const hasRenderableContent = !!tooltip?.querySelector?.('svg')
      126 |       || String(tooltip?.innerHTML || '').trim().length > 0;
        at hoverAndAssertPreview (C:\Users\Michel\Venn\e2e\component.same-type-dual-preview.spec.js:123:14)
        at C:\Users\Michel\Venn\e2e\component.same-type-dual-preview.spec.js:188:5

    attachment #1: screenshot (image/png) ──────────────────────────────────────────────────────────
    test-results\component.same-type-dual-p-69dcf-or-both-same-type-tabs-hist-firefox\test-failed-1.png
    ────────────────────────────────────────────────────────────────────────────────────────────────

    attachment #2: video (video/webm) ──────────────────────────────────────────────────────────────
    test-results\component.same-type-dual-p-69dcf-or-both-same-type-tabs-hist-firefox\video.webm
    ────────────────────────────────────────────────────────────────────────────────────────────────

    Error Context: test-results\component.same-type-dual-p-69dcf-or-both-same-type-tabs-hist-firefox\error-context.md




[1A[2K(node:32888) Warning: The 'NO_COLOR' env is ignored due to the 'FORCE_COLOR' env being set.
(Use `node --trace-warnings ...` to show where the warning was created)


[1A[2K(node:32888) Warning: The 'NO_COLOR' env is ignored due to the 'FORCE_COLOR' env being set.
(Use `node --trace-warnings ...` to show where the warning was created)
[1A[2K[66/106] [firefox] › e2e\component.same-type-dual-preview.spec.js:151:3 › inactive preview works for both same-type tabs: pie
[1A[2K  16) [firefox] › e2e\component.same-type-dual-preview.spec.js:151:3 › inactive preview works for both same-type tabs: pie 

    TimeoutError: page.waitForFunction: Timeout 30000ms exceeded.

      121 |     return true;
      122 |   }, tabId);
    > 123 |   await page.waitForFunction((targetId) => {
          |              ^
      124 |     const tooltip = document.querySelector('.workspace-tab__preview-tooltip');
      125 |     const hasRenderableContent = !!tooltip?.querySelector?.('svg')
      126 |       || String(tooltip?.innerHTML || '').trim().length > 0;
        at hoverAndAssertPreview (C:\Users\Michel\Venn\e2e\component.same-type-dual-preview.spec.js:123:14)
        at C:\Users\Michel\Venn\e2e\component.same-type-dual-preview.spec.js:188:5

    attachment #1: screenshot (image/png) ──────────────────────────────────────────────────────────
    test-results\component.same-type-dual-p-977e3-for-both-same-type-tabs-pie-firefox\test-failed-1.png
    ────────────────────────────────────────────────────────────────────────────────────────────────

    attachment #2: video (video/webm) ──────────────────────────────────────────────────────────────
    test-results\component.same-type-dual-p-977e3-for-both-same-type-tabs-pie-firefox\video.webm
    ────────────────────────────────────────────────────────────────────────────────────────────────

    Error Context: test-results\component.same-type-dual-p-977e3-for-both-same-type-tabs-pie-firefox\error-context.md




[1A[2K(node:23664) Warning: The 'NO_COLOR' env is ignored due to the 'FORCE_COLOR' env being set.
(Use `node --trace-warnings ...` to show where the warning was created)

[1A[2K(node:23664) Warning: The 'NO_COLOR' env is ignored due to the 'FORCE_COLOR' env being set.
(Use `node --trace-warnings ...` to show where the warning was created)

[1A[2K[67/106] [firefox] › e2e\heatmap.correlation-tab-restore.spec.js:147:3 › Heatmap tab restore preserves Correlation (columns) geometry
[1A[2K[68/106] [firefox] › e2e\heatmap.correlation-tab-restore.spec.js:147:3 › Heatmap tab restore preserves Correlation (rows) geometry
[1A[2K[69/106] [firefox] › e2e\heavy.mixed-tabs.reopen-recovery.canvas.spec.js:405:1 › mixed heavy scatter tabs + normal tab survive archive reopen with tab isolation and previews
[1A[2K[70/106] [firefox] › e2e\heavy.mixed-tabs.reopen-recovery.canvas.spec.js:421:1 › mixed heavy scatter tabs + normal tab survive crash-recovery restore with tab isolation and previews
[1A[2K  17) [firefox] › e2e\heavy.mixed-tabs.reopen-recovery.canvas.spec.js:421:1 › mixed heavy scatter tabs + normal tab survive crash-recovery restore with tab isolation and previews 

    TimeoutError: page.waitForFunction: Timeout 120000ms exceeded.

      102 |
      103 | async function waitForScatterCanvas(page) {
    > 104 |   await page.waitForFunction(() => {
          |              ^
      105 |     const layer = document.querySelector('#scatterPage:not([hidden]) #scatterPlot svg [data-layer="points"]');
      106 |     if (!layer) {
      107 |       return false;
        at waitForScatterCanvas (C:\Users\Michel\Venn\e2e\heavy.mixed-tabs.reopen-recovery.canvas.spec.js:104:14)
        at buildMixedHeavyWorkspace (C:\Users\Michel\Venn\e2e\heavy.mixed-tabs.reopen-recovery.canvas.spec.js:306:9)
        at C:\Users\Michel\Venn\e2e\heavy.mixed-tabs.reopen-recovery.canvas.spec.js:426:21

    attachment #1: screenshot (image/png) ──────────────────────────────────────────────────────────
    test-results\heavy.mixed-tabs.reopen-re-dd096--tab-isolation-and-previews-firefox\test-failed-1.png
    ────────────────────────────────────────────────────────────────────────────────────────────────

    attachment #2: video (video/webm) ──────────────────────────────────────────────────────────────
    test-results\heavy.mixed-tabs.reopen-re-dd096--tab-isolation-and-previews-firefox\video.webm
    ────────────────────────────────────────────────────────────────────────────────────────────────

    Error Context: test-results\heavy.mixed-tabs.reopen-re-dd096--tab-isolation-and-previews-firefox\error-context.md




[1A[2K(node:2552) Warning: The 'NO_COLOR' env is ignored due to the 'FORCE_COLOR' env being set.
(Use `node --trace-warnings ...` to show where the warning was created)


[1A[2K(node:2552) Warning: The 'NO_COLOR' env is ignored due to the 'FORCE_COLOR' env being set.
(Use `node --trace-warnings ...` to show where the warning was created)
[1A[2K[71/106] [firefox] › e2e\line.header.sort-drag.spec.js:8:1 › line headers support sorting and drag reordering with visible left/right indicators
[1A[2K  18) [firefox] › e2e\line.header.sort-drag.spec.js:8:1 › line headers support sorting and drag reordering with visible left/right indicators 

    Error: [2mexpect([22m[31mreceived[39m[2m).[22mtoMatchObject[2m([22m[32mexpected[39m[2m)[22m

    [32m- Expected  - 6[39m
    [31m+ Received  + 6[39m

    [2m  Object {[22m
    [32m-   "borderBottomVisible": true,[39m
    [32m-   "handleVisible": true,[39m
    [31m+   "borderBottomVisible": false,[39m
    [31m+   "handleVisible": false,[39m
    [2m    "selected": Array [[22m
    [32m-     4,[39m
    [32m-     2,[39m
    [32m-     4,[39m
    [32m-     2,[39m
    [31m+     0,[39m
    [31m+     1,[39m
    [31m+     99,[39m
    [31m+     1,[39m
    [2m    ],[22m
    [2m  }[22m

    Call Log:
    - Timeout 10000ms exceeded while waiting on the predicate

      135 |     intervals: [100, 200, 400]
      136 |   }).toBe(initialOrder.join(','));
    > 137 |   await expect.poll(async () => {
          |   ^
      138 |     return await readSelectionVisualState();
      139 |   }, {
      140 |     timeout: 10_000,
        at C:\Users\Michel\Venn\e2e\line.header.sort-drag.spec.js:137:3

    attachment #1: screenshot (image/png) ──────────────────────────────────────────────────────────
    test-results\line.header.sort-drag-line-09e63-sible-left-right-indicators-firefox\test-failed-1.png
    ────────────────────────────────────────────────────────────────────────────────────────────────

    attachment #2: video (video/webm) ──────────────────────────────────────────────────────────────
    test-results\line.header.sort-drag-line-09e63-sible-left-right-indicators-firefox\video.webm
    ────────────────────────────────────────────────────────────────────────────────────────────────

    Error Context: test-results\line.header.sort-drag-line-09e63-sible-left-right-indicators-firefox\error-context.md



[1A[2K(node:24048) Warning: The 'NO_COLOR' env is ignored due to the 'FORCE_COLOR' env being set.
(Use `node --trace-warnings ...` to show where the warning was created)



[1A[2K(node:24048) Warning: The 'NO_COLOR' env is ignored due to the 'FORCE_COLOR' env being set.
(Use `node --trace-warnings ...` to show where the warning was created)
[1A[2K[72/106] [firefox] › e2e\stats.archive-reopen-tab-switch.persistence.spec.js:372:3 › archive reopen keeps box statistics after tab switch
[1A[2K[73/106] [firefox] › e2e\stats.archive-reopen-tab-switch.persistence.spec.js:397:3 › recovery restore keeps box statistics after tab switch
[1A[2K[74/106] [firefox] › e2e\stats.archive-reopen-tab-switch.persistence.spec.js:372:3 › archive reopen keeps scatter statistics after tab switch
[1A[2K  19) [firefox] › e2e\stats.archive-reopen-tab-switch.persistence.spec.js:372:3 › archive reopen keeps scatter statistics after tab switch 

    Error: [2mexpect([22m[31mlocator[39m[2m).[22mtoContainText[2m([22m[32mexpected[39m[2m)[22m failed

    Locator: locator('#scatterStatsStatus')
    Expected substring: [32m"Statistics u[7mp to date[27m."[39m
    Received string:    [31m"Statistics u[7mnavailable until data is loaded[27m."[39m
    Timeout: 40000ms

    Call log:
    [2m  - Expect "toContainText" with timeout 40000ms[22m
    [2m  - waiting for locator('#scatterStatsStatus')[22m
    [2m    42 × locator resolved to <span aria-live="polite" class="idx-inline-037" id="scatterStatsStatus">Statistics unavailable until data is loaded.</span>[22m
    [2m       - unexpected value "Statistics unavailable until data is loaded."[22m


      121 |     await expect(page.locator('#scatterComputeStats')).toBeEnabled({ timeout: 25_000 });
      122 |     await page.locator('#scatterComputeStats').click();
    > 123 |     await expect(page.locator('#scatterStatsStatus')).toContainText('Statistics up to date.', { timeout: 40_000 });
          |                                                       ^
      124 |     await expect(page.locator('#scatterComputeStats')).toHaveText(/Recalculate statistics/i, { timeout: 20_000 });
      125 |     await expect(page.locator('#scatterStatsResults')).not.toContainText('Statistics will appear after calculation.', { timeout: 20_000 });
      126 |     return;
        at waitForStatsReady (C:\Users\Michel\Venn\e2e\stats.archive-reopen-tab-switch.persistence.spec.js:123:55)
        at waitForRestoredStats (C:\Users\Michel\Venn\e2e\stats.archive-reopen-tab-switch.persistence.spec.js:201:3)
        at C:\Users\Michel\Venn\e2e\stats.archive-reopen-tab-switch.persistence.spec.js:393:5

    attachment #1: screenshot (image/png) ──────────────────────────────────────────────────────────
    test-results\stats.archive-reopen-tab-s-0143d-statistics-after-tab-switch-firefox\test-failed-1.png
    ────────────────────────────────────────────────────────────────────────────────────────────────

    Error Context: test-results\stats.archive-reopen-tab-s-0143d-statistics-after-tab-switch-firefox\error-context.md




[1A[2K(node:31612) Warning: The 'NO_COLOR' env is ignored due to the 'FORCE_COLOR' env being set.
(Use `node --trace-warnings ...` to show where the warning was created)


[1A[2K(node:31612) Warning: The 'NO_COLOR' env is ignored due to the 'FORCE_COLOR' env being set.
(Use `node --trace-warnings ...` to show where the warning was created)
[1A[2K[75/106] [firefox] › e2e\stats.archive-reopen-tab-switch.persistence.spec.js:397:3 › recovery restore keeps scatter statistics after tab switch
[1A[2K  20) [firefox] › e2e\stats.archive-reopen-tab-switch.persistence.spec.js:397:3 › recovery restore keeps scatter statistics after tab switch 

    Error: [2mexpect([22m[31mlocator[39m[2m).[22mtoContainText[2m([22m[32mexpected[39m[2m)[22m failed

    Locator: locator('#scatterStatsStatus')
    Expected substring: [32m"Statistics u[7mp to date[27m."[39m
    Received string:    [31m"Statistics u[7mnavailable until data is loaded[27m."[39m
    Timeout: 40000ms

    Call log:
    [2m  - Expect "toContainText" with timeout 40000ms[22m
    [2m  - waiting for locator('#scatterStatsStatus')[22m
    [2m    43 × locator resolved to <span aria-live="polite" class="idx-inline-037" id="scatterStatsStatus">Statistics unavailable until data is loaded.</span>[22m
    [2m       - unexpected value "Statistics unavailable until data is loaded."[22m


      121 |     await expect(page.locator('#scatterComputeStats')).toBeEnabled({ timeout: 25_000 });
      122 |     await page.locator('#scatterComputeStats').click();
    > 123 |     await expect(page.locator('#scatterStatsStatus')).toContainText('Statistics up to date.', { timeout: 40_000 });
          |                                                       ^
      124 |     await expect(page.locator('#scatterComputeStats')).toHaveText(/Recalculate statistics/i, { timeout: 20_000 });
      125 |     await expect(page.locator('#scatterStatsResults')).not.toContainText('Statistics will appear after calculation.', { timeout: 20_000 });
      126 |     return;
        at waitForStatsReady (C:\Users\Michel\Venn\e2e\stats.archive-reopen-tab-switch.persistence.spec.js:123:55)
        at waitForRestoredStats (C:\Users\Michel\Venn\e2e\stats.archive-reopen-tab-switch.persistence.spec.js:201:3)
        at C:\Users\Michel\Venn\e2e\stats.archive-reopen-tab-switch.persistence.spec.js:415:5

    attachment #1: screenshot (image/png) ──────────────────────────────────────────────────────────
    test-results\stats.archive-reopen-tab-s-1ab10-statistics-after-tab-switch-firefox\test-failed-1.png
    ────────────────────────────────────────────────────────────────────────────────────────────────

    attachment #2: video (video/webm) ──────────────────────────────────────────────────────────────
    test-results\stats.archive-reopen-tab-s-1ab10-statistics-after-tab-switch-firefox\video.webm
    ────────────────────────────────────────────────────────────────────────────────────────────────

    Error Context: test-results\stats.archive-reopen-tab-s-1ab10-statistics-after-tab-switch-firefox\error-context.md



[1A[2K(node:19560) Warning: The 'NO_COLOR' env is ignored due to the 'FORCE_COLOR' env being set.
(Use `node --trace-warnings ...` to show where the warning was created)


[1A[2K(node:19560) Warning: The 'NO_COLOR' env is ignored due to the 'FORCE_COLOR' env being set.
(Use `node --trace-warnings ...` to show where the warning was created)

[1A[2K[76/106] [firefox] › e2e\stats.archive-reopen-tab-switch.persistence.spec.js:372:3 › archive reopen keeps line statistics after tab switch
[1A[2K[77/106] [firefox] › e2e\stats.archive-reopen-tab-switch.persistence.spec.js:397:3 › recovery restore keeps line statistics after tab switch
[1A[2K[78/106] [firefox] › e2e\stats.archive-reopen-tab-switch.persistence.spec.js:372:3 › archive reopen keeps pie statistics after tab switch
[1A[2K[79/106] [firefox] › e2e\stats.archive-reopen-tab-switch.persistence.spec.js:397:3 › recovery restore keeps pie statistics after tab switch
[1A[2K[80/106] [firefox] › e2e\stats.archive-reopen-tab-switch.persistence.spec.js:372:3 › archive reopen keeps hist statistics after tab switch
[1A[2K[81/106] [firefox] › e2e\stats.archive-reopen-tab-switch.persistence.spec.js:397:3 › recovery restore keeps hist statistics after tab switch
[1A[2K[82/106] [firefox] › e2e\stats.archive-reopen-tab-switch.persistence.spec.js:372:3 › archive reopen keeps roc statistics after tab switch
[1A[2K[83/106] [firefox] › e2e\stats.archive-reopen-tab-switch.persistence.spec.js:397:3 › recovery restore keeps roc statistics after tab switch
[1A[2K[84/106] [firefox] › e2e\stats.archive-reopen-tab-switch.persistence.spec.js:372:3 › archive reopen keeps survival statistics after tab switch
[1A[2K[85/106] [firefox] › e2e\stats.archive-reopen-tab-switch.persistence.spec.js:397:3 › recovery restore keeps survival statistics after tab switch
[1A[2K[86/106] [firefox] › e2e\stats.archive-reopen-tab-switch.persistence.spec.js:372:3 › archive reopen keeps pca statistics after tab switch
[1A[2K[87/106] [firefox] › e2e\stats.archive-reopen-tab-switch.persistence.spec.js:397:3 › recovery restore keeps pca statistics after tab switch
[1A[2K[88/106] [firefox] › e2e\stats.archive-reopen-tab-switch.persistence.spec.js:372:3 › archive reopen keeps heatmap statistics after tab switch
[1A[2K[89/106] [firefox] › e2e\stats.archive-reopen-tab-switch.persistence.spec.js:397:3 › recovery restore keeps heatmap statistics after tab switch
[1A[2K[90/106] [firefox] › e2e\stats.archive-reopen-tab-switch.persistence.spec.js:372:3 › archive reopen keeps surface statistics after tab switch
[1A[2K[91/106] [firefox] › e2e\stats.archive-reopen-tab-switch.persistence.spec.js:397:3 › recovery restore keeps surface statistics after tab switch
[1A[2K[92/106] [firefox] › e2e\stats.restore-roundtrip.spec.js:99:1 › scatter restores computed trendline intervals, plot stats, and statistics state from payload
[1A[2K[93/106] [firefox] › e2e\stats.restore-roundtrip.spec.js:147:1 › scatter restores graph controls, point labels, raw formulas, and excluded cells from payload
[1A[2K[94/106] [firefox] › e2e\stats.restore-roundtrip.spec.js:242:1 › pie restores computed statistics results and calculated button state from payload
[1A[2K[95/106] [firefox] › e2e\stats.restore-roundtrip.spec.js:276:1 › line regression overlays require calculated statistics and interval toggles preserve results
[1A[2K[96/106] [firefox] › e2e\stats.restore-roundtrip.spec.js:321:1 › line restores persisted statistics results and calculated button state from payload
[1A[2K[97/106] [firefox] › e2e\tab-preview-components.spec.js:67:5 › Non-canvas tab previews › venn example keeps a usable tab preview
[1A[2K  21) [firefox] › e2e\tab-preview-components.spec.js:67:5 › Non-canvas tab previews › venn example keeps a usable tab preview 

    Error: worker process exited unexpectedly (code=4294967295, signal=null)




[1A[2K(node:25208) Warning: The 'NO_COLOR' env is ignored due to the 'FORCE_COLOR' env being set.
(Use `node --trace-warnings ...` to show where the warning was created)


[1A[2K(node:25208) Warning: The 'NO_COLOR' env is ignored due to the 'FORCE_COLOR' env being set.
(Use `node --trace-warnings ...` to show where the warning was created)
[1A[2K[98/106] [firefox] › e2e\tab-preview-components.spec.js:67:5 › Non-canvas tab previews › pca example keeps a usable tab preview
[1A[2K[99/106] [firefox] › e2e\tab-preview-components.spec.js:67:5 › Non-canvas tab previews › line example keeps a usable tab preview
[1A[2K  22) [firefox] › e2e\tab-preview-components.spec.js:67:5 › Non-canvas tab previews › line example keeps a usable tab preview 

    Error: [2mexpect([22m[31mreceived[39m[2m).[22mtoContain[2m([22m[32mexpected[39m[2m) // indexOf[22m

    Expected substring: [32m"<svg"[39m
    Received string:    [31m""[39m

      77 |       expect(preview, `${component.type} should return preview metadata`).toBeTruthy();
      78 |       expect(preview.type).toBe(component.type);
    > 79 |       expect(preview.markup).toContain('<svg');
         |                              ^
      80 |       expect(preview.markup).not.toContain('data-preview-canvas-simplified');
      81 |       expect(preview.markup).not.toContain('data-preview-placeholder');
      82 |       expect(preview.markup).not.toContain('Preparing preview');
        at C:\Users\Michel\Venn\e2e\tab-preview-components.spec.js:79:30

    attachment #1: screenshot (image/png) ──────────────────────────────────────────────────────────
    test-results\tab-preview-components-Non-fd319--keeps-a-usable-tab-preview-firefox\test-failed-1.png
    ────────────────────────────────────────────────────────────────────────────────────────────────

    attachment #2: video (video/webm) ──────────────────────────────────────────────────────────────
    test-results\tab-preview-components-Non-fd319--keeps-a-usable-tab-preview-firefox\video.webm
    ────────────────────────────────────────────────────────────────────────────────────────────────

    Error Context: test-results\tab-preview-components-Non-fd319--keeps-a-usable-tab-preview-firefox\error-context.md




[1A[2K(node:32564) Warning: The 'NO_COLOR' env is ignored due to the 'FORCE_COLOR' env being set.
(Use `node --trace-warnings ...` to show where the warning was created)


[1A[2K(node:32564) Warning: The 'NO_COLOR' env is ignored due to the 'FORCE_COLOR' env being set.
(Use `node --trace-warnings ...` to show where the warning was created)
[1A[2K[100/106] [firefox] › e2e\tab-preview-components.spec.js:67:5 › Non-canvas tab previews › heatmap example keeps a usable tab preview
[1A[2K  23) [firefox] › e2e\tab-preview-components.spec.js:67:5 › Non-canvas tab previews › heatmap example keeps a usable tab preview 

    Error: [2mexpect([22m[31mreceived[39m[2m).[22mtoContain[2m([22m[32mexpected[39m[2m) // indexOf[22m

    Expected substring: [32m"<svg"[39m
    Received string:    [31m""[39m

      77 |       expect(preview, `${component.type} should return preview metadata`).toBeTruthy();
      78 |       expect(preview.type).toBe(component.type);
    > 79 |       expect(preview.markup).toContain('<svg');
         |                              ^
      80 |       expect(preview.markup).not.toContain('data-preview-canvas-simplified');
      81 |       expect(preview.markup).not.toContain('data-preview-placeholder');
      82 |       expect(preview.markup).not.toContain('Preparing preview');
        at C:\Users\Michel\Venn\e2e\tab-preview-components.spec.js:79:30

    attachment #1: screenshot (image/png) ──────────────────────────────────────────────────────────
    test-results\tab-preview-components-Non-97916--keeps-a-usable-tab-preview-firefox\test-failed-1.png
    ────────────────────────────────────────────────────────────────────────────────────────────────

    attachment #2: video (video/webm) ──────────────────────────────────────────────────────────────
    test-results\tab-preview-components-Non-97916--keeps-a-usable-tab-preview-firefox\video.webm
    ────────────────────────────────────────────────────────────────────────────────────────────────

    Error Context: test-results\tab-preview-components-Non-97916--keeps-a-usable-tab-preview-firefox\error-context.md



[1A[2K(node:14104) Warning: The 'NO_COLOR' env is ignored due to the 'FORCE_COLOR' env being set.
(Use `node --trace-warnings ...` to show where the warning was created)


[1A[2K(node:14104) Warning: The 'NO_COLOR' env is ignored due to the 'FORCE_COLOR' env being set.
(Use `node --trace-warnings ...` to show where the warning was created)

[1A[2K[101/106] [firefox] › e2e\tab-preview-components.spec.js:67:5 › Non-canvas tab previews › surface example keeps a usable tab preview
[1A[2K[102/106] [firefox] › e2e\tab-preview-components.spec.js:67:5 › Non-canvas tab previews › roc example keeps a usable tab preview
[1A[2K[103/106] [firefox] › e2e\tab-preview-components.spec.js:67:5 › Non-canvas tab previews › survival example keeps a usable tab preview
[1A[2K  24) [firefox] › e2e\tab-preview-components.spec.js:67:5 › Non-canvas tab previews › survival example keeps a usable tab preview 

    Error: [2mexpect([22m[31mreceived[39m[2m).[22mtoContain[2m([22m[32mexpected[39m[2m) // indexOf[22m

    Expected substring: [32m"<svg"[39m
    Received string:    [31m""[39m

      77 |       expect(preview, `${component.type} should return preview metadata`).toBeTruthy();
      78 |       expect(preview.type).toBe(component.type);
    > 79 |       expect(preview.markup).toContain('<svg');
         |                              ^
      80 |       expect(preview.markup).not.toContain('data-preview-canvas-simplified');
      81 |       expect(preview.markup).not.toContain('data-preview-placeholder');
      82 |       expect(preview.markup).not.toContain('Preparing preview');
        at C:\Users\Michel\Venn\e2e\tab-preview-components.spec.js:79:30

    attachment #1: screenshot (image/png) ──────────────────────────────────────────────────────────
    test-results\tab-preview-components-Non-99e50--keeps-a-usable-tab-preview-firefox\test-failed-1.png
    ────────────────────────────────────────────────────────────────────────────────────────────────

    attachment #2: video (video/webm) ──────────────────────────────────────────────────────────────
    test-results\tab-preview-components-Non-99e50--keeps-a-usable-tab-preview-firefox\video.webm
    ────────────────────────────────────────────────────────────────────────────────────────────────

    Error Context: test-results\tab-preview-components-Non-99e50--keeps-a-usable-tab-preview-firefox\error-context.md




[1A[2K(node:31076) Warning: The 'NO_COLOR' env is ignored due to the 'FORCE_COLOR' env being set.
(Use `node --trace-warnings ...` to show where the warning was created)


[1A[2K(node:31076) Warning: The 'NO_COLOR' env is ignored due to the 'FORCE_COLOR' env being set.
(Use `node --trace-warnings ...` to show where the warning was created)
[1A[2K[104/106] [firefox] › e2e\tab-preview-components.spec.js:67:5 › Non-canvas tab previews › hist example keeps a usable tab preview
[1A[2K  25) [firefox] › e2e\tab-preview-components.spec.js:67:5 › Non-canvas tab previews › hist example keeps a usable tab preview 

    Error: [2mexpect([22m[31mreceived[39m[2m).[22mtoContain[2m([22m[32mexpected[39m[2m) // indexOf[22m

    Expected substring: [32m"<svg"[39m
    Received string:    [31m""[39m

      77 |       expect(preview, `${component.type} should return preview metadata`).toBeTruthy();
      78 |       expect(preview.type).toBe(component.type);
    > 79 |       expect(preview.markup).toContain('<svg');
         |                              ^
      80 |       expect(preview.markup).not.toContain('data-preview-canvas-simplified');
      81 |       expect(preview.markup).not.toContain('data-preview-placeholder');
      82 |       expect(preview.markup).not.toContain('Preparing preview');
        at C:\Users\Michel\Venn\e2e\tab-preview-components.spec.js:79:30

    attachment #1: screenshot (image/png) ──────────────────────────────────────────────────────────
    test-results\tab-preview-components-Non-ab7d3--keeps-a-usable-tab-preview-firefox\test-failed-1.png
    ────────────────────────────────────────────────────────────────────────────────────────────────

    attachment #2: video (video/webm) ──────────────────────────────────────────────────────────────
    test-results\tab-preview-components-Non-ab7d3--keeps-a-usable-tab-preview-firefox\video.webm
    ────────────────────────────────────────────────────────────────────────────────────────────────

    Error Context: test-results\tab-preview-components-Non-ab7d3--keeps-a-usable-tab-preview-firefox\error-context.md




[1A[2K(node:20780) Warning: The 'NO_COLOR' env is ignored due to the 'FORCE_COLOR' env being set.
(Use `node --trace-warnings ...` to show where the warning was created)


[1A[2K(node:20780) Warning: The 'NO_COLOR' env is ignored due to the 'FORCE_COLOR' env being set.
(Use `node --trace-warnings ...` to show where the warning was created)
[1A[2K[105/106] [firefox] › e2e\tab-preview-components.spec.js:67:5 › Non-canvas tab previews › pie example keeps a usable tab preview
[1A[2K[106/106] [firefox] › e2e\toolbar.font-visibility.regression.spec.js:14:1 › format toolbar stays visible when clicking graph text (line + scatter)
[1A[2K  Slow test file: [firefox] › e2e\heavy.mixed-tabs.reopen-recovery.canvas.spec.js (5.3m)
  Consider running tests from slow files in parallel. See: https://playwright.dev/docs/test-parallel
  25 failed
    [chromium] › e2e\component.same-type-dual-preview.spec.js:151:3 › inactive preview works for both same-type tabs: box 
    [chromium] › e2e\component.same-type-dual-preview.spec.js:151:3 › inactive preview works for both same-type tabs: scatter 
    [chromium] › e2e\component.same-type-dual-preview.spec.js:151:3 › inactive preview works for both same-type tabs: hist 
    [chromium] › e2e\heavy.mixed-tabs.reopen-recovery.canvas.spec.js:405:1 › mixed heavy scatter tabs + normal tab survive archive reopen with tab isolation and previews 
    [chromium] › e2e\line.header.sort-drag.spec.js:8:1 › line headers support sorting and drag reordering with visible left/right indicators 
    [chromium] › e2e\stats.archive-reopen-tab-switch.persistence.spec.js:372:3 › archive reopen keeps scatter statistics after tab switch 
    [chromium] › e2e\stats.archive-reopen-tab-switch.persistence.spec.js:397:3 › recovery restore keeps scatter statistics after tab switch 
    [chromium] › e2e\stats.restore-roundtrip.spec.js:276:1 › line regression overlays require calculated statistics and interval toggles preserve results 
    [firefox] › e2e\component.same-type-dual-preview.spec.js:151:3 › inactive preview works for both same-type tabs: venn 
    [firefox] › e2e\component.same-type-dual-preview.spec.js:151:3 › inactive preview works for both same-type tabs: box 
    [firefox] › e2e\component.same-type-dual-preview.spec.js:151:3 › inactive preview works for both same-type tabs: scatter 
    [firefox] › e2e\component.same-type-dual-preview.spec.js:151:3 › inactive preview works for both same-type tabs: pca 
    [firefox] › e2e\component.same-type-dual-preview.spec.js:151:3 › inactive preview works for both same-type tabs: heatmap 
    [firefox] › e2e\component.same-type-dual-preview.spec.js:151:3 › inactive preview works for both same-type tabs: survival 
    [firefox] › e2e\component.same-type-dual-preview.spec.js:151:3 › inactive preview works for both same-type tabs: hist 
    [firefox] › e2e\component.same-type-dual-preview.spec.js:151:3 › inactive preview works for both same-type tabs: pie 
    [firefox] › e2e\heavy.mixed-tabs.reopen-recovery.canvas.spec.js:421:1 › mixed heavy scatter tabs + normal tab survive crash-recovery restore with tab isolation and previews 
    [firefox] › e2e\line.header.sort-drag.spec.js:8:1 › line headers support sorting and drag reordering with visible left/right indicators 
    [firefox] › e2e\stats.archive-reopen-tab-switch.persistence.spec.js:372:3 › archive reopen keeps scatter statistics after tab switch 
    [firefox] › e2e\stats.archive-reopen-tab-switch.persistence.spec.js:397:3 › recovery restore keeps scatter statistics after tab switch 
    [firefox] › e2e\tab-preview-components.spec.js:67:5 › Non-canvas tab previews › venn example keeps a usable tab preview 
    [firefox] › e2e\tab-preview-components.spec.js:67:5 › Non-canvas tab previews › line example keeps a usable tab preview 
    [firefox] › e2e\tab-preview-components.spec.js:67:5 › Non-canvas tab previews › heatmap example keeps a usable tab preview 
    [firefox] › e2e\tab-preview-components.spec.js:67:5 › Non-canvas tab previews › survival example keeps a usable tab preview 
    [firefox] › e2e\tab-preview-components.spec.js:67:5 › Non-canvas tab previews › hist example keeps a usable tab preview 
  81 passed (36.0m)
